mensaje debug
mensaje info
mensaje warning
mensaje error
mensaje critical
mensaje info
mensaje info
mensaje info: se creo el directorio de museos
mensaje info
mensaje info: se crean los directorios de destino
mensaje info
mensaje info: se crean los directorios de destino
mensaje info: se guardan los archivos en la carpeta fuentes
mensaje info
mensaje info: se crean los directorios de destino
mensaje info
mensaje info: se crean los directorios de destino
mensaje info
mensaje info: se crean los directorios de destino
mensaje info: se guardan los archivos en la carpeta fuentes
mensaje info
mensaje info: se crean los directorios de destino
mensaje info: se guardan los archivos en la carpeta fuentes
mensaje info
mensaje info: se crean los directorios de destino
mensaje info
mensaje info: se crean los directorios de destino
mensaje info: se guardan los archivos en la carpeta fuentes
mensaje info
mensaje info: se crean los directorios de destino
mensaje info: se guardan los archivos en la carpeta fuentes
mensaje info: se han renombrado las columnas
INFO:loggin:mensaje info: se han renombrado las columnas
mensaje info: se han renombrado las columnas
INFO:loggin:mensaje info: se han renombrado las columnas
mensaje info: se han renombrado las columnas
INFO:loggin:mensaje info: se han renombrado las columnas
mensaje info: se han renombrado las columnas
INFO:loggin:mensaje info: se han renombrado las columnas
mensaje info: se han renombrado las columnas
INFO:loggin:mensaje info: se han renombrado las columnas
mensaje info: se han renombrado las columnas
INFO:loggin:mensaje info: se han renombrado las columnas
mensaje info: se ha unificado las tablas
INFO:loggin:mensaje info: se ha unificado las tablas
mensaje info: se han renombrado las columnas
INFO:loggin:mensaje info: se han renombrado las columnas
mensaje info: se ha unificado las tablas
INFO:loggin:mensaje info: se ha unificado las tablas
mensaje info: se han renombrado las columnas
INFO:loggin:mensaje info: se han renombrado las columnas
mensaje info: se ha unificado las tablas
INFO:loggin:mensaje info: se ha unificado las tablas
mensaje info: se han renombrado las columnas
INFO:loggin:mensaje info: se han renombrado las columnas
mensaje info: se ha unificado las tablas
INFO:loggin:mensaje info: se ha unificado las tablas
mensaje info: se han renombrado las columnas
INFO:loggin:mensaje info: se han renombrado las columnas
mensaje info: se ha unificado las tablas
INFO:loggin:mensaje info: se ha unificado las tablas
mensaje info: se han renombrado las columnas
INFO:loggin:mensaje info: se han renombrado las columnas
mensaje info: se ha unificado las tablas
INFO:loggin:mensaje info: se ha unificado las tablas
mensaje info: se han renombrado las columnas
INFO:loggin:mensaje info: se han renombrado las columnas
mensaje info: se ha unificado las tablas
INFO:loggin:mensaje info: se ha unificado las tablas
mensaje info: se han renombrado las columnas
INFO:loggin:mensaje info: se han renombrado las columnas
mensaje info: se ha unificado las tablas
INFO:loggin:mensaje info: se ha unificado las tablas
mensaje info: se han renombrado las columnas
INFO:loggin:mensaje info: se han renombrado las columnas
mensaje info: se ha unificado las tablas
INFO:loggin:mensaje info: se ha unificado las tablas
mensaje info: se han renombrado las columnas
INFO:loggin:mensaje info: se han renombrado las columnas
mensaje info: se ha unificado las tablas
INFO:loggin:mensaje info: se ha unificado las tablas
mensaje info: se han creado las tablas
INFO:loggin:mensaje info: se han creado las tablas
mensaje info: se han renombrado las columnas
INFO:loggin:mensaje info: se han renombrado las columnas
mensaje info: se ha unificado las tablas
INFO:loggin:mensaje info: se ha unificado las tablas
mensaje info: se han creado las tablas
INFO:loggin:mensaje info: se han creado las tablas
mensaje info: se han renombrado las columnas
INFO:loggin:mensaje info: se han renombrado las columnas
mensaje info: se ha unificado las tablas
INFO:loggin:mensaje info: se ha unificado las tablas
mensaje info: se han creado las tablas
INFO:loggin:mensaje info: se han creado las tablas
mensaje info: se han calculado los registros por categoría
INFO:loggin:mensaje info: se han calculado los registros por categoría
mensaje info: se han renombrado las columnas
INFO:loggin:mensaje info: se han renombrado las columnas
mensaje info: se ha unificado las tablas
INFO:loggin:mensaje info: se ha unificado las tablas
mensaje info: se han creado las tablas
INFO:loggin:mensaje info: se han creado las tablas
mensaje info: se han calculado los registros por categoría
INFO:loggin:mensaje info: se han calculado los registros por categoría
mensaje info: se han calculado los registros por fuente
INFO:loggin:mensaje info: se han calculado los registros por fuente
mensaje info: se han renombrado las columnas
INFO:loggin:mensaje info: se han renombrado las columnas
mensaje info: se ha unificado las tablas
INFO:loggin:mensaje info: se ha unificado las tablas
mensaje info: se han creado las tablas
INFO:loggin:mensaje info: se han creado las tablas
mensaje info: se han calculado los registros por categoría
INFO:loggin:mensaje info: se han calculado los registros por categoría
mensaje info: se han calculado los registros por fuente
INFO:loggin:mensaje info: se han calculado los registros por fuente
mensaje info: se han calculado los registros por provincia y categoría
INFO:loggin:mensaje info: se han calculado los registros por provincia y categoría
mensaje info: se han renombrado las columnas
INFO:loggin:mensaje info: se han renombrado las columnas
mensaje info: se ha unificado las tablas
INFO:loggin:mensaje info: se ha unificado las tablas
mensaje info: se han creado las tablas
INFO:loggin:mensaje info: se han creado las tablas
mensaje info: se han calculado los registros por categoría
INFO:loggin:mensaje info: se han calculado los registros por categoría
mensaje info: se han calculado los registros por provincia
INFO:loggin:mensaje info: se han calculado los registros por provincia
mensaje info: se han calculado los registros por provincia y categoría
INFO:loggin:mensaje info: se han calculado los registros por provincia y categoría
mensaje info: se han renombrado las columnas
INFO:loggin:mensaje info: se han renombrado las columnas
mensaje info: se ha unificado las tablas
INFO:loggin:mensaje info: se ha unificado las tablas
mensaje info: se han creado las tablas
INFO:loggin:mensaje info: se han creado las tablas
mensaje info: se han calculado los registros por categoría
INFO:loggin:mensaje info: se han calculado los registros por categoría
mensaje info: se han calculado los registros por provincia
INFO:loggin:mensaje info: se han calculado los registros por provincia
mensaje info: se han calculado los registros por provincia y categoría
INFO:loggin:mensaje info: se han calculado los registros por provincia y categoría
mensaje info: se han calculado los registros por provincia y categoría
INFO:loggin:mensaje info: se han calculado los registros por provincia y categoría
mensaje info: se han renombrado las columnas
INFO:loggin:mensaje info: se han renombrado las columnas
mensaje info: se ha unificado las tablas
INFO:loggin:mensaje info: se ha unificado las tablas
mensaje info: se han creado las tablas
INFO:loggin:mensaje info: se han creado las tablas
mensaje info: se han calculado los registros por categoría
INFO:loggin:mensaje info: se han calculado los registros por categoría
mensaje info: se han calculado los registros por provincia
INFO:loggin:mensaje info: se han calculado los registros por provincia
mensaje info: se han calculado los registros por provincia y categoría
INFO:loggin:mensaje info: se han calculado los registros por provincia y categoría
mensaje info: se han renombrado las columnas
INFO:loggin:mensaje info: se han renombrado las columnas
mensaje info: se ha unificado las tablas
INFO:loggin:mensaje info: se ha unificado las tablas
mensaje info: se han creado las tablas
INFO:loggin:mensaje info: se han creado las tablas
mensaje info: se han calculado los registros por categoría
INFO:loggin:mensaje info: se han calculado los registros por categoría
mensaje info: se han calculado los registros por provincia
INFO:loggin:mensaje info: se han calculado los registros por provincia
mensaje info: se han calculado los registros por provincia y categoría
INFO:loggin:mensaje info: se han calculado los registros por provincia y categoría
mensaje info: se han calculado los registros por provincia y categoría
INFO:loggin:mensaje info: se han calculado los registros por provincia y categoría
mensaje info: se han renombrado las columnas
INFO:loggin:mensaje info: se han renombrado las columnas
mensaje info: se ha unificado las tablas
INFO:loggin:mensaje info: se ha unificado las tablas
mensaje info: se han creado las tablas
INFO:loggin:mensaje info: se han creado las tablas
mensaje info: se han calculado los registros por categoría
INFO:loggin:mensaje info: se han calculado los registros por categoría
mensaje info: se han calculado los registros por provincia
INFO:loggin:mensaje info: se han calculado los registros por provincia
mensaje info: se han calculado los registros por provincia y categoría
INFO:loggin:mensaje info: se han calculado los registros por provincia y categoría
mensaje info: se han calculado los registros por provincia y categoría
INFO:loggin:mensaje info: se han calculado los registros por provincia y categoría
mensaje info: se han renombrado las columnas
INFO:loggin:mensaje info: se han renombrado las columnas
mensaje info: se ha unificado las tablas
INFO:loggin:mensaje info: se ha unificado las tablas
mensaje info: se han creado las tablas
INFO:loggin:mensaje info: se han creado las tablas
mensaje info: se han calculado los registros por categoría
INFO:loggin:mensaje info: se han calculado los registros por categoría
mensaje info: se han calculado los registros por provincia
INFO:loggin:mensaje info: se han calculado los registros por provincia
mensaje info: se han calculado los registros por provincia y categoría
INFO:loggin:mensaje info: se han calculado los registros por provincia y categoría
mensaje info: se han renombrado las columnas
INFO:loggin:mensaje info: se han renombrado las columnas
mensaje info: se ha unificado las tablas
INFO:loggin:mensaje info: se ha unificado las tablas
mensaje info: se han creado las tablas
INFO:loggin:mensaje info: se han creado las tablas
mensaje info: se han calculado los registros por categoría
INFO:loggin:mensaje info: se han calculado los registros por categoría
mensaje info: se han calculado los registros por provincia
INFO:loggin:mensaje info: se han calculado los registros por provincia
mensaje info: se han calculado los registros por provincia y categoría
INFO:loggin:mensaje info: se han calculado los registros por provincia y categoría
mensaje info: se han calculado los registros por provincia y categoría
INFO:loggin:mensaje info: se han calculado los registros por provincia y categoría
mensaje info: se han renombrado las columnas
INFO:loggin:mensaje info: se han renombrado las columnas
mensaje info: se ha unificado las tablas
INFO:loggin:mensaje info: se ha unificado las tablas
mensaje info: se han creado las tablas
INFO:loggin:mensaje info: se han creado las tablas
mensaje info: se han calculado los registros por categoría
INFO:loggin:mensaje info: se han calculado los registros por categoría
mensaje info: se han calculado los registros por provincia
INFO:loggin:mensaje info: se han calculado los registros por provincia
mensaje info: se han calculado los registros por provincia y categoría
INFO:loggin:mensaje info: se han calculado los registros por provincia y categoría
mensaje info: se han calculado los registros por provincia y categoría
INFO:loggin:mensaje info: se han calculado los registros por provincia y categoría
mensaje info: se han renombrado las columnas
INFO:loggin:mensaje info: se han renombrado las columnas
mensaje info: se ha unificado las tablas
INFO:loggin:mensaje info: se ha unificado las tablas
mensaje info: se han creado las tablas
INFO:loggin:mensaje info: se han creado las tablas
mensaje info: se han calculado los registros por categoría
INFO:loggin:mensaje info: se han calculado los registros por categoría
mensaje info: se han calculado los registros por provincia
INFO:loggin:mensaje info: se han calculado los registros por provincia
mensaje info: se han calculado los registros por provincia y categoría
INFO:loggin:mensaje info: se han calculado los registros por provincia y categoría
mensaje info: se han renombrado las columnas
INFO:loggin:mensaje info: se han renombrado las columnas
mensaje info: se ha unificado las tablas
INFO:loggin:mensaje info: se ha unificado las tablas
mensaje info: se han creado las tablas
INFO:loggin:mensaje info: se han creado las tablas
mensaje info: se han calculado los registros por categoría
INFO:loggin:mensaje info: se han calculado los registros por categoría
mensaje info: se han calculado los registros por provincia
INFO:loggin:mensaje info: se han calculado los registros por provincia
mensaje info: se han calculado los registros por provincia y categoría
INFO:loggin:mensaje info: se han calculado los registros por provincia y categoría
mensaje info: se han renombrado las columnas
INFO:loggin:mensaje info: se han renombrado las columnas
mensaje info: se ha unificado las tablas
INFO:loggin:mensaje info: se ha unificado las tablas
mensaje info: se han creado las tablas
INFO:loggin:mensaje info: se han creado las tablas
mensaje info: se han calculado los registros por categoría
INFO:loggin:mensaje info: se han calculado los registros por categoría
mensaje info: se han calculado los registros por provincia
INFO:loggin:mensaje info: se han calculado los registros por provincia
mensaje info: se han calculado los registros por provincia y categoría
INFO:loggin:mensaje info: se han calculado los registros por provincia y categoría
mensaje info: se han renombrado las columnas
INFO:loggin:mensaje info: se han renombrado las columnas
mensaje info: se ha unificado las tablas
INFO:loggin:mensaje info: se ha unificado las tablas
mensaje info: se han creado las tablas
INFO:loggin:mensaje info: se han creado las tablas
mensaje info: se han calculado los registros por categoría
INFO:loggin:mensaje info: se han calculado los registros por categoría
mensaje info: se han calculado los registros por provincia
INFO:loggin:mensaje info: se han calculado los registros por provincia
mensaje info: se han calculado los registros por provincia y categoría
INFO:loggin:mensaje info: se han calculado los registros por provincia y categoría
mensaje info: se han renombrado las columnas
INFO:loggin:mensaje info: se han renombrado las columnas
mensaje info: se ha unificado las tablas
INFO:loggin:mensaje info: se ha unificado las tablas
mensaje info: se han creado las tablas
INFO:loggin:mensaje info: se han creado las tablas
mensaje info: se han calculado los registros por categoría
INFO:loggin:mensaje info: se han calculado los registros por categoría
mensaje info: se han calculado los registros por provincia
INFO:loggin:mensaje info: se han calculado los registros por provincia
mensaje info: se han calculado los registros por provincia y categoría
INFO:loggin:mensaje info: se han calculado los registros por provincia y categoría
mensaje info: se han renombrado las columnas
INFO:loggin:mensaje info: se han renombrado las columnas
mensaje info: se ha unificado las tablas
INFO:loggin:mensaje info: se ha unificado las tablas
mensaje info: se han creado las tablas
INFO:loggin:mensaje info: se han creado las tablas
mensaje info: se han calculado los registros por categoría
INFO:loggin:mensaje info: se han calculado los registros por categoría
mensaje info: se han calculado los registros por provincia
INFO:loggin:mensaje info: se han calculado los registros por provincia
mensaje info: se han calculado los registros por provincia y categoría
INFO:loggin:mensaje info: se han calculado los registros por provincia y categoría
mensaje info: se han calculado los registros por provincia y categoría
INFO:loggin:mensaje info: se han calculado los registros por provincia y categoría
mensaje info: se han renombrado las columnas
INFO:loggin:mensaje info: se han renombrado las columnas
mensaje info: se ha unificado las tablas
INFO:loggin:mensaje info: se ha unificado las tablas
mensaje info: se han creado las tablas
INFO:loggin:mensaje info: se han creado las tablas
mensaje info: se han calculado los registros por categoría
INFO:loggin:mensaje info: se han calculado los registros por categoría
mensaje info: se han calculado los registros por provincia
INFO:loggin:mensaje info: se han calculado los registros por provincia
mensaje info: se han calculado los registros por provincia y categoría
INFO:loggin:mensaje info: se han calculado los registros por provincia y categoría
mensaje info: se han calculado los registros por provincia y categoría
INFO:loggin:mensaje info: se han calculado los registros por provincia y categoría
mensaje info: se han renombrado las columnas
INFO:loggin:mensaje info: se han renombrado las columnas
mensaje info: se ha unificado las tablas
INFO:loggin:mensaje info: se ha unificado las tablas
mensaje info: se han creado las tablas
INFO:loggin:mensaje info: se han creado las tablas
mensaje info: se han calculado los registros por categoría
INFO:loggin:mensaje info: se han calculado los registros por categoría
mensaje info: se han calculado los registros por provincia
INFO:loggin:mensaje info: se han calculado los registros por provincia
mensaje info: se han calculado los registros por provincia y categoría
INFO:loggin:mensaje info: se han calculado los registros por provincia y categoría
mensaje info: se han calculado los registros por provincia y categoría
INFO:loggin:mensaje info: se han calculado los registros por provincia y categoría
mensaje info: se han renombrado las columnas
INFO:loggin:mensaje info: se han renombrado las columnas
mensaje info: se ha unificado las tablas
INFO:loggin:mensaje info: se ha unificado las tablas
mensaje info: se han creado las tablas
INFO:loggin:mensaje info: se han creado las tablas
mensaje info: se han calculado los registros por categoría
INFO:loggin:mensaje info: se han calculado los registros por categoría
mensaje info: se han calculado los registros por provincia
INFO:loggin:mensaje info: se han calculado los registros por provincia
mensaje info: se han calculado los registros por provincia y categoría
INFO:loggin:mensaje info: se han calculado los registros por provincia y categoría
mensaje info: se han renombrado las columnas
INFO:loggin:mensaje info: se han renombrado las columnas
mensaje info: se ha unificado las tablas
INFO:loggin:mensaje info: se ha unificado las tablas
mensaje info: se han creado las tablas
INFO:loggin:mensaje info: se han creado las tablas
mensaje info: se han calculado los registros por categoría
INFO:loggin:mensaje info: se han calculado los registros por categoría
mensaje info: se han calculado los registros por provincia
INFO:loggin:mensaje info: se han calculado los registros por provincia
mensaje info: se han calculado los registros por provincia y categoría
INFO:loggin:mensaje info: se han calculado los registros por provincia y categoría
mensaje info: se han calculado los registros por provincia y categoría
INFO:loggin:mensaje info: se han calculado los registros por provincia y categoría
mensaje info: se han renombrado las columnas
INFO:loggin:mensaje info: se han renombrado las columnas
mensaje info: se ha unificado las tablas
INFO:loggin:mensaje info: se ha unificado las tablas
mensaje info: se han creado las tablas
INFO:loggin:mensaje info: se han creado las tablas
mensaje info: se han calculado los registros por categoría
INFO:loggin:mensaje info: se han calculado los registros por categoría
mensaje info: se han calculado los registros por provincia
INFO:loggin:mensaje info: se han calculado los registros por provincia
mensaje info: se han calculado los registros por provincia y categoría
INFO:loggin:mensaje info: se han calculado los registros por provincia y categoría
mensaje info: se han renombrado las columnas
INFO:loggin:mensaje info: se han renombrado las columnas
mensaje info: se ha unificado las tablas
INFO:loggin:mensaje info: se ha unificado las tablas
mensaje info: se han creado las tablas
INFO:loggin:mensaje info: se han creado las tablas
mensaje info: se han calculado los registros por categoría
INFO:loggin:mensaje info: se han calculado los registros por categoría
mensaje info: se han calculado los registros por provincia
INFO:loggin:mensaje info: se han calculado los registros por provincia
mensaje info: se han calculado los registros por provincia y categoría
INFO:loggin:mensaje info: se han calculado los registros por provincia y categoría
mensaje info: se han renombrado las columnas
INFO:loggin:mensaje info: se han renombrado las columnas
mensaje info: se ha unificado las tablas
INFO:loggin:mensaje info: se ha unificado las tablas
mensaje info: se han creado las tablas
INFO:loggin:mensaje info: se han creado las tablas
mensaje info: se han calculado los registros por categoría
INFO:loggin:mensaje info: se han calculado los registros por categoría
mensaje info: se han calculado los registros por provincia
INFO:loggin:mensaje info: se han calculado los registros por provincia
mensaje info: se han calculado los registros por provincia y categoría
INFO:loggin:mensaje info: se han calculado los registros por provincia y categoría
mensaje info: se han renombrado las columnas
INFO:loggin:mensaje info: se han renombrado las columnas
mensaje info: se ha unificado las tablas
INFO:loggin:mensaje info: se ha unificado las tablas
mensaje info: se han creado las tablas
INFO:loggin:mensaje info: se han creado las tablas
mensaje info: se han calculado los registros por categoría
INFO:loggin:mensaje info: se han calculado los registros por categoría
mensaje info: se han calculado los registros por provincia
INFO:loggin:mensaje info: se han calculado los registros por provincia
mensaje info: se han calculado los registros por provincia y categoría
INFO:loggin:mensaje info: se han calculado los registros por provincia y categoría
mensaje info: se han renombrado las columnas
INFO:loggin:mensaje info: se han renombrado las columnas
mensaje info: se ha unificado las tablas
INFO:loggin:mensaje info: se ha unificado las tablas
mensaje info: se han creado las tablas
INFO:loggin:mensaje info: se han creado las tablas
mensaje info: se han calculado los registros por categoría
INFO:loggin:mensaje info: se han calculado los registros por categoría
mensaje info: se han calculado los registros por provincia
INFO:loggin:mensaje info: se han calculado los registros por provincia
mensaje info: se han calculado los registros por provincia y categoría
INFO:loggin:mensaje info: se han calculado los registros por provincia y categoría
mensaje info: se han renombrado las columnas
INFO:loggin:mensaje info: se han renombrado las columnas
mensaje info: se ha unificado las tablas
INFO:loggin:mensaje info: se ha unificado las tablas
mensaje info: se han creado las tablas
INFO:loggin:mensaje info: se han creado las tablas
mensaje info: se han calculado los registros por categoría
INFO:loggin:mensaje info: se han calculado los registros por categoría
mensaje info: se han calculado los registros por provincia
INFO:loggin:mensaje info: se han calculado los registros por provincia
mensaje info: se han calculado los registros por provincia y categoría
INFO:loggin:mensaje info: se han calculado los registros por provincia y categoría
mensaje info: se han renombrado las columnas
INFO:loggin:mensaje info: se han renombrado las columnas
mensaje info: se ha unificado las tablas
INFO:loggin:mensaje info: se ha unificado las tablas
mensaje info: se han creado las tablas
INFO:loggin:mensaje info: se han creado las tablas
mensaje info: se han calculado los registros por categoría
INFO:loggin:mensaje info: se han calculado los registros por categoría
mensaje info: se han calculado los registros por provincia
INFO:loggin:mensaje info: se han calculado los registros por provincia
mensaje info: se han calculado los registros por provincia y categoría
INFO:loggin:mensaje info: se han calculado los registros por provincia y categoría
mensaje info: se han calculado los registros por provincia y categoría
INFO:loggin:mensaje info: se han calculado los registros por provincia y categoría
